Using pre-set license
Built from '2020.3/release' branch; Version is '2020.3.2f1 (8fd9074bf66c) revision 9427207'; Using compiler version '192528614'; Build Type 'Release'
OS: 'Windows 10 Pro; OS build 19043.1165; Version 2009; 64bit' Language: 'ja' Physical Memory: 16229 MB
BatchMode: 1, IsHumanControllingUs: 0, StartBugReporterOnCrash: 0, Is64bit: 1, IsPro: 0

 COMMAND LINE ARGUMENTS:
C:\Program Files\Unity\Hub\Editor\2020.3.2f1\Editor\Unity.exe
-adb2
-batchMode
-noUpm
-name
AssetImportWorker0
-projectPath
D:/GitHub/hogefuga/New Unity Project
-logFile
Logs/AssetImportWorker0.log
-srvPort
51425
Successfully changed project path to: D:/GitHub/hogefuga/New Unity Project
D:/GitHub/hogefuga/New Unity Project
Using Asset Import Pipeline V2.
Refreshing native plugins compatible for Editor in 21.09 ms, found 0 plugins.
Preloading 0 native plugins for Editor in 0.00 ms.
Initialize engine version: 2020.3.2f1 (8fd9074bf66c)
[Subsystems] Discovering subsystems at path C:/Program Files/Unity/Hub/Editor/2020.3.2f1/Editor/Data/Resources/UnitySubsystems
[Subsystems] Discovering subsystems at path D:/GitHub/hogefuga/New Unity Project/Assets
GfxDevice: creating device client; threaded=0
Direct3D:
    Version:  Direct3D 11.0 [level 11.1]
    Renderer: NVIDIA GeForce GTX 1050 Ti with Max-Q Design (ID=0x1c8f)
    Vendor:   
    VRAM:     4021 MB
    Driver:   26.21.14.3184
Initialize mono
Mono path[0] = 'C:/Program Files/Unity/Hub/Editor/2020.3.2f1/Editor/Data/Managed'
Mono path[1] = 'C:/Program Files/Unity/Hub/Editor/2020.3.2f1/Editor/Data/MonoBleedingEdge/lib/mono/unityjit'
Mono config path = 'C:/Program Files/Unity/Hub/Editor/2020.3.2f1/Editor/Data/MonoBleedingEdge/etc'
Using monoOptions --debugger-agent=transport=dt_socket,embedding=1,server=y,suspend=n,address=127.0.0.1:56740
Begin MonoManager ReloadAssembly
Registering precompiled unity dll's ...
Register platform support module: C:/Program Files/Unity/Hub/Editor/2020.3.2f1/Editor/Data/PlaybackEngines/WebGLSupport/UnityEditor.WebGL.Extensions.dll
Register platform support module: C:/Program Files/Unity/Hub/Editor/2020.3.2f1/Editor/Data/PlaybackEngines/WindowsStandaloneSupport/UnityEditor.WindowsStandalone.Extensions.dll
Registered in 0.002677 seconds.
Native extension for WindowsStandalone target not found
Native extension for WebGL target not found
Refreshing native plugins compatible for Editor in 22.03 ms, found 0 plugins.
Preloading 0 native plugins for Editor in 0.00 ms.
Invoked RoslynAnalysisRunner static constructor.
RoslynAnalysisRunner will not be running.
RoslynAnalysisRunner has terminated.
Mono: successfully reloaded assembly
- Completed reload, in  1.110 seconds
Platform modules already initialized, skipping
Registering precompiled user dll's ...
Registered in 0.000485 seconds.
Begin MonoManager ReloadAssembly
Native extension for WindowsStandalone target not found
Native extension for WebGL target not found
Refreshing native plugins compatible for Editor in 0.19 ms, found 0 plugins.
Preloading 0 native plugins for Editor in 0.00 ms.
Invoked RoslynAnalysisRunner static constructor.
RoslynAnalysisRunner will not be running.
RoslynAnalysisRunner has terminated.
Mono: successfully reloaded assembly
- Completed reload, in  0.846 seconds
Platform modules already initialized, skipping
========================================================================
Worker process is ready to serve import requests
Launched and connected shader compiler UnityShaderCompiler.exe after 0.06 seconds
Refreshing native plugins compatible for Editor in 0.23 ms, found 0 plugins.
Preloading 0 native plugins for Editor in 0.00 ms.
Unloading 1115 Unused Serialized files (Serialized files now loaded: 0)
System memory in use before: 59.9 MB.
System memory in use after: 59.9 MB.

Unloading 10 unused Assets to reduce memory usage. Loaded Objects now: 1557.
Total: 2.678300 ms (FindLiveObjects: 0.319000 ms CreateObjectMapping: 0.067700 ms MarkObjects: 2.183100 ms  DeleteObjects: 0.107000 ms)

========================================================================
Received Import Request.
  path: Assets/red.mat
  artifactKey: Guid(5d4a22145c44e0b4ab63bd0f10f87ba1) Importer(815301076,1909f56bfc062723c751e8b465ee728b)
Start importing Assets/red.mat using Guid(5d4a22145c44e0b4ab63bd0f10f87ba1) Importer(815301076,1909f56bfc062723c751e8b465ee728b)  -> (artifact id: 'a78f9438833e8f3d1e01b63ef2c3638d') in 0.233151 seconds
  Import took 0.235565 seconds .

========================================================================
Received Import Request.
  Time since last request: 6.372095 seconds.
  path: Assets/red.mat
  artifactKey: Guid(5d4a22145c44e0b4ab63bd0f10f87ba1) Importer(815301076,1909f56bfc062723c751e8b465ee728b)
Start importing Assets/red.mat using Guid(5d4a22145c44e0b4ab63bd0f10f87ba1) Importer(815301076,1909f56bfc062723c751e8b465ee728b)  -> (artifact id: 'd75f1b743160ccc741dedee5a7c103cb') in 0.013359 seconds
  Import took 0.017301 seconds .

AssetImportWorkerClient::OnTransportError - code=2 error=End of file
